---------------------------------------------------------------------------------
      name:  <unnamed>
       log:  /Users/benarnold/dropbox/articles/wsp-recall/programs/final/7-sample
> size/1-wsp-cough-sampsi-scenarios-pp.log
  log type:  text
 opened on:  25 May 2012, 08:30:43

. 
. 
. *---------------------------------------------
. * Program      : 1-wsp-cough-sampsi-scenarios-pp.do
. * Programmer   : Ben Arnold
. * Date         : 17 May 2011
. * Description  :
. /*
> 
> Summarize diarrhea characteristics for 
> WSP datasets to inform recall calculations
> and simulations.
> 
> */
. *---------------------------------------------
. 
. *---------------------------------------------
. * Major updates / modifications to the code:
. *
. * 
. *---------------------------------------------
. 
. 
. 
. set mem 500m
set memory ignored.
    Memory no longer needs to be set in modern Statas; memory adjustments are
    performed on the fly automatically.

. 
. 
. *---------------------------------------------
. * Calculate summary stats for each country
. *---------------------------------------------
. 
. 
. tempname memhold

. tempfile results

. postfile `memhold' str30 data str2 day corr using `results'

. 
. * INDIA HP
. use "~/dropbox/articles/wsp-recall/data/wsp-recall-data.dta", clear
(WSP Baseline, recall article dataset)

. keep if dataset=="India HP"
(10133 observations deleted)

. gen ID = child

. keep ID cough00 - cough14

. local dd "02 03 04 05 06 07 08 09 10 11 12 13 14"

. foreach d of local dd {
  2.         di as res _n "Correlation for days 01 - `d'"
  3.         alpha cough01 - cough`d', std
  4.         
.         post `memhold' ("IndiaHP") ("`d'") (r(rho))
  5. 
. }

Correlation for days 01 - 02

Test scale = mean(standardized items)

Average interitem correlation:      0.8396
Number of items in the scale:            2
Scale reliability coefficient:      0.9128

Correlation for days 01 - 03

Test scale = mean(standardized items)

Average interitem correlation:      0.7499
Number of items in the scale:            3
Scale reliability coefficient:      0.8999

Correlation for days 01 - 04

Test scale = mean(standardized items)

Average interitem correlation:      0.6640
Number of items in the scale:            4
Scale reliability coefficient:      0.8877

Correlation for days 01 - 05

Test scale = mean(standardized items)

Average interitem correlation:      0.6112
Number of items in the scale:            5
Scale reliability coefficient:      0.8871

Correlation for days 01 - 06

Test scale = mean(standardized items)

Average interitem correlation:      0.5703
Number of items in the scale:            6
Scale reliability coefficient:      0.8884

Correlation for days 01 - 07

Test scale = mean(standardized items)

Average interitem correlation:      0.5299
Number of items in the scale:            7
Scale reliability coefficient:      0.8875

Correlation for days 01 - 08

Test scale = mean(standardized items)

Average interitem correlation:      0.4827
Number of items in the scale:            8
Scale reliability coefficient:      0.8819

Correlation for days 01 - 09

Test scale = mean(standardized items)

Average interitem correlation:      0.4497
Number of items in the scale:            9
Scale reliability coefficient:      0.8803

Correlation for days 01 - 10

Test scale = mean(standardized items)

Average interitem correlation:      0.4219
Number of items in the scale:           10
Scale reliability coefficient:      0.8795

Correlation for days 01 - 11

Test scale = mean(standardized items)

Average interitem correlation:      0.3903
Number of items in the scale:           11
Scale reliability coefficient:      0.8757

Correlation for days 01 - 12

Test scale = mean(standardized items)

Average interitem correlation:      0.3711
Number of items in the scale:           12
Scale reliability coefficient:      0.8763

Correlation for days 01 - 13

Test scale = mean(standardized items)

Average interitem correlation:      0.3570
Number of items in the scale:           13
Scale reliability coefficient:      0.8783

Correlation for days 01 - 14

Test scale = mean(standardized items)

Average interitem correlation:      0.3527
Number of items in the scale:           14
Scale reliability coefficient:      0.8841

. 
. 
. * INDIA MP
. use "~/dropbox/articles/wsp-recall/data/wsp-recall-data.dta", clear
(WSP Baseline, recall article dataset)

. keep if dataset=="India MP"
(10038 observations deleted)

. gen ID = child

. keep ID cough00 - cough14

. local dd "02 03 04 05 06 07 08 09 10 11 12 13 14"

. foreach d of local dd {
  2.         di as res _n "Correlation for days 01 - `d'"
  3.         alpha cough01 - cough`d', std
  4.         
.         post `memhold' ("IndiaMP") ("`d'") (r(rho))
  5. 
. }

Correlation for days 01 - 02

Test scale = mean(standardized items)

Average interitem correlation:      0.8282
Number of items in the scale:            2
Scale reliability coefficient:      0.9060

Correlation for days 01 - 03

Test scale = mean(standardized items)

Average interitem correlation:      0.7384
Number of items in the scale:            3
Scale reliability coefficient:      0.8944

Correlation for days 01 - 04

Test scale = mean(standardized items)

Average interitem correlation:      0.6854
Number of items in the scale:            4
Scale reliability coefficient:      0.8971

Correlation for days 01 - 05

Test scale = mean(standardized items)

Average interitem correlation:      0.6279
Number of items in the scale:            5
Scale reliability coefficient:      0.8940

Correlation for days 01 - 06

Test scale = mean(standardized items)

Average interitem correlation:      0.5998
Number of items in the scale:            6
Scale reliability coefficient:      0.8999

Correlation for days 01 - 07

Test scale = mean(standardized items)

Average interitem correlation:      0.5756
Number of items in the scale:            7
Scale reliability coefficient:      0.9047

Correlation for days 01 - 08

Test scale = mean(standardized items)

Average interitem correlation:      0.5416
Number of items in the scale:            8
Scale reliability coefficient:      0.9043

Correlation for days 01 - 09

Test scale = mean(standardized items)

Average interitem correlation:      0.4996
Number of items in the scale:            9
Scale reliability coefficient:      0.8999

Correlation for days 01 - 10

Test scale = mean(standardized items)

Average interitem correlation:      0.4671
Number of items in the scale:           10
Scale reliability coefficient:      0.8976

Correlation for days 01 - 11

Test scale = mean(standardized items)

Average interitem correlation:      0.4353
Number of items in the scale:           11
Scale reliability coefficient:      0.8945

Correlation for days 01 - 12

Test scale = mean(standardized items)

Average interitem correlation:      0.4113
Number of items in the scale:           12
Scale reliability coefficient:      0.8934

Correlation for days 01 - 13

Test scale = mean(standardized items)

Average interitem correlation:      0.3958
Number of items in the scale:           13
Scale reliability coefficient:      0.8949

Correlation for days 01 - 14

Test scale = mean(standardized items)

Average interitem correlation:      0.3902
Number of items in the scale:           14
Scale reliability coefficient:      0.8996

. 
. 
. * INDONESIA
. use "~/dropbox/articles/wsp-recall/data/wsp-recall-data.dta", clear
(WSP Baseline, recall article dataset)

. keep if dataset=="Indonesia"
(10093 observations deleted)

. gen ID = child

. keep ID cough00 - cough14

. 
. local dd "02 03 04 05 06 07 08 09 10 11 12 13 14"

. foreach d of local dd {
  2.         di as res _n "Correlation for days 01 - `d'"
  3.         alpha cough01 - cough`d', std
  4.         
.         post `memhold' ("Indonesia") ("`d'") (r(rho))
  5. 
. }

Correlation for days 01 - 02

Test scale = mean(standardized items)

Average interitem correlation:      0.8689
Number of items in the scale:            2
Scale reliability coefficient:      0.9299

Correlation for days 01 - 03

Test scale = mean(standardized items)

Average interitem correlation:      0.8047
Number of items in the scale:            3
Scale reliability coefficient:      0.9251

Correlation for days 01 - 04

Test scale = mean(standardized items)

Average interitem correlation:      0.7431
Number of items in the scale:            4
Scale reliability coefficient:      0.9205

Correlation for days 01 - 05

Test scale = mean(standardized items)

Average interitem correlation:      0.6907
Number of items in the scale:            5
Scale reliability coefficient:      0.9178

Correlation for days 01 - 06

Test scale = mean(standardized items)

Average interitem correlation:      0.6581
Number of items in the scale:            6
Scale reliability coefficient:      0.9203

Correlation for days 01 - 07

Test scale = mean(standardized items)

Average interitem correlation:      0.6299
Number of items in the scale:            7
Scale reliability coefficient:      0.9226

Correlation for days 01 - 08

Test scale = mean(standardized items)

Average interitem correlation:      0.5510
Number of items in the scale:            8
Scale reliability coefficient:      0.9076

Correlation for days 01 - 09

Test scale = mean(standardized items)

Average interitem correlation:      0.5109
Number of items in the scale:            9
Scale reliability coefficient:      0.9039

Correlation for days 01 - 10

Test scale = mean(standardized items)

Average interitem correlation:      0.4883
Number of items in the scale:           10
Scale reliability coefficient:      0.9051

Correlation for days 01 - 11

Test scale = mean(standardized items)

Average interitem correlation:      0.4670
Number of items in the scale:           11
Scale reliability coefficient:      0.9060

Correlation for days 01 - 12

Test scale = mean(standardized items)

Average interitem correlation:      0.4577
Number of items in the scale:           12
Scale reliability coefficient:      0.9102

Correlation for days 01 - 13

Test scale = mean(standardized items)

Average interitem correlation:      0.4574
Number of items in the scale:           13
Scale reliability coefficient:      0.9164

Correlation for days 01 - 14

Test scale = mean(standardized items)

Average interitem correlation:      0.4622
Number of items in the scale:           14
Scale reliability coefficient:      0.9233

. 
. 
. * PERU
. use "~/dropbox/articles/wsp-recall/data/wsp-recall-data.dta", clear
(WSP Baseline, recall article dataset)

. keep if dataset=="Peru"
(8483 observations deleted)

. gen ID = child

. keep ID cough00 - cough14

. 
. local dd "02 03 04 05 06 07 08 09 10 11 12 13 14"

. foreach d of local dd {
  2.         di as res _n "Correlation for days 01 - `d'"
  3.         alpha cough01 - cough`d', std
  4.         
.         post `memhold' ("Peru") ("`d'") (r(rho))
  5. 
. }

Correlation for days 01 - 02

Test scale = mean(standardized items)

Average interitem correlation:      0.8677
Number of items in the scale:            2
Scale reliability coefficient:      0.9292

Correlation for days 01 - 03

Test scale = mean(standardized items)

Average interitem correlation:      0.8172
Number of items in the scale:            3
Scale reliability coefficient:      0.9306

Correlation for days 01 - 04

Test scale = mean(standardized items)

Average interitem correlation:      0.7572
Number of items in the scale:            4
Scale reliability coefficient:      0.9258

Correlation for days 01 - 05

Test scale = mean(standardized items)

Average interitem correlation:      0.7118
Number of items in the scale:            5
Scale reliability coefficient:      0.9251

Correlation for days 01 - 06

Test scale = mean(standardized items)

Average interitem correlation:      0.6835
Number of items in the scale:            6
Scale reliability coefficient:      0.9284

Correlation for days 01 - 07

Test scale = mean(standardized items)

Average interitem correlation:      0.6511
Number of items in the scale:            7
Scale reliability coefficient:      0.9289

Correlation for days 01 - 08

Test scale = mean(standardized items)

Average interitem correlation:      0.5717
Number of items in the scale:            8
Scale reliability coefficient:      0.9144

Correlation for days 01 - 09

Test scale = mean(standardized items)

Average interitem correlation:      0.5186
Number of items in the scale:            9
Scale reliability coefficient:      0.9065

Correlation for days 01 - 10

Test scale = mean(standardized items)

Average interitem correlation:      0.4855
Number of items in the scale:           10
Scale reliability coefficient:      0.9042

Correlation for days 01 - 11

Test scale = mean(standardized items)

Average interitem correlation:      0.4636
Number of items in the scale:           11
Scale reliability coefficient:      0.9048

Correlation for days 01 - 12

Test scale = mean(standardized items)

Average interitem correlation:      0.4519
Number of items in the scale:           12
Scale reliability coefficient:      0.9082

Correlation for days 01 - 13

Test scale = mean(standardized items)

Average interitem correlation:      0.4470
Number of items in the scale:           13
Scale reliability coefficient:      0.9131

Correlation for days 01 - 14

Test scale = mean(standardized items)

Average interitem correlation:      0.4465
Number of items in the scale:           14
Scale reliability coefficient:      0.9187

. 
. 
. use "~/dropbox/articles/wsp-recall/data/wsp-recall-data.dta", clear
(WSP Baseline, recall article dataset)

. keep if dataset=="Senegal"
(10017 observations deleted)

. gen ID = child

. keep ID cough00 - cough14

. local dd "02 03 04 05 06 07 08 09 10 11 12 13 14"

. foreach d of local dd {
  2.         di as res _n "Correlation for days 01 - `d'"
  3.         alpha cough01 - cough`d', std
  4.         
.         post `memhold' ("Senegal") ("`d'") (r(rho))
  5. 
. }

Correlation for days 01 - 02

Test scale = mean(standardized items)

Average interitem correlation:      0.8752
Number of items in the scale:            2
Scale reliability coefficient:      0.9335

Correlation for days 01 - 03

Test scale = mean(standardized items)

Average interitem correlation:      0.8323
Number of items in the scale:            3
Scale reliability coefficient:      0.9371

Correlation for days 01 - 04

Test scale = mean(standardized items)

Average interitem correlation:      0.7768
Number of items in the scale:            4
Scale reliability coefficient:      0.9330

Correlation for days 01 - 05

Test scale = mean(standardized items)

Average interitem correlation:      0.7171
Number of items in the scale:            5
Scale reliability coefficient:      0.9269

Correlation for days 01 - 06

Test scale = mean(standardized items)

Average interitem correlation:      0.6632
Number of items in the scale:            6
Scale reliability coefficient:      0.9220

Correlation for days 01 - 07

Test scale = mean(standardized items)

Average interitem correlation:      0.6231
Number of items in the scale:            7
Scale reliability coefficient:      0.9205

Correlation for days 01 - 08

Test scale = mean(standardized items)

Average interitem correlation:      0.5808
Number of items in the scale:            8
Scale reliability coefficient:      0.9173

Correlation for days 01 - 09

Test scale = mean(standardized items)

Average interitem correlation:      0.5540
Number of items in the scale:            9
Scale reliability coefficient:      0.9179

Correlation for days 01 - 10

Test scale = mean(standardized items)

Average interitem correlation:      0.5307
Number of items in the scale:           10
Scale reliability coefficient:      0.9188

Correlation for days 01 - 11

Test scale = mean(standardized items)

Average interitem correlation:      0.5087
Number of items in the scale:           11
Scale reliability coefficient:      0.9193

Correlation for days 01 - 12

Test scale = mean(standardized items)

Average interitem correlation:      0.4966
Number of items in the scale:           12
Scale reliability coefficient:      0.9221

Correlation for days 01 - 13

Test scale = mean(standardized items)

Average interitem correlation:      0.4896
Number of items in the scale:           13
Scale reliability coefficient:      0.9257

Correlation for days 01 - 14

Test scale = mean(standardized items)

Average interitem correlation:      0.4885
Number of items in the scale:           14
Scale reliability coefficient:      0.9304

. 
. 
. *---------------------------------------------
. * Retrieve results
. *---------------------------------------------
. postclose `memhold'

. use `results', clear

. 
. reshape wide corr, i(data) j(day, str)
(note: j = 02 03 04 05 06 07 08 09 10 11 12 13 14)

Data                               long   ->   wide
-----------------------------------------------------------------------------
Number of obs.                       65   ->       5
Number of variables                   3   ->      14
j variable (13 values)              day   ->   (dropped)
xij variables:
                                   corr   ->   corr02 corr03 ... corr14
-----------------------------------------------------------------------------

. 
. saveold "~/dropbox/articles/wsp-recall/tables/rawoutput/cough-daily-corr.dta", 
> replace
file ~/dropbox/articles/wsp-recall/tables/rawoutput/cough-daily-corr.dta saved

. 
. 
. log close
      name:  <unnamed>
       log:  /Users/benarnold/dropbox/articles/wsp-recall/programs/final/7-sample
> size/1-wsp-cough-sampsi-scenarios-pp.log
  log type:  text
 closed on:  25 May 2012, 08:30:46
---------------------------------------------------------------------------------
